[00:53:52] [main/INFO]: Setting user: ForgeDevName
[00:53:54] [Client thread/INFO]: LWJGL Version: 2.9.1
[00:54:03] [Client thread/INFO]: Reloading ResourceManager: Default, FMLFileResourcePack:Forge Mod Loader, FMLFileResourcePack:Minecraft Forge
[00:54:04] [Sound Library Loader/INFO]: Sound engine started
[00:54:06] [Client thread/INFO]: Created: 512x256 textures/blocks-atlas
[00:54:07] [Client thread/INFO]: Created: 256x256 textures/items-atlas
[00:54:07] [Client thread/INFO]: Reloading ResourceManager: Default, FMLFileResourcePack:Forge Mod Loader, FMLFileResourcePack:Minecraft Forge
[00:54:08] [Client thread/INFO]: Created: 512x256 textures/blocks-atlas
[00:54:08] [Client thread/INFO]: Created: 256x256 textures/items-atlas
[00:54:08] [Sound Library Loader/INFO]: Sound engine started
[00:55:21] [Client thread/INFO]: Stopping!
[01:38:27] [main/INFO]: Setting user: ForgeDevName
[01:38:31] [Client thread/INFO]: LWJGL Version: 2.9.1
[01:38:50] [Client thread/INFO]: Reloading ResourceManager: Default, FMLFileResourcePack:Forge Mod Loader, [01:38:58] [Client thread/INFO]: Reloading ResourceManager: Default, FMLFileResourcePack:Forge Mod Loader, FMLFileResourcePack:Minecraft Forge
[01:39:02] [Client thread/INFO]: Created: 512x256 textures/blocks-atlas
[01:39:02] [Client thread/INFO]: Created: 256x256 textures/items-atlas
[01:39:03] [Client thread/INFO]: Reloading ResourceManager: Default, FMLFileResourcePack:Forge Mod Loader, FMLFileResourcePack:Minecraft Forge
[01:39:03] [Client thread/INFO]: Creat[01:39:23] [Client thread/INFO]: Stopping!
] [Client thread/INFO]: Created: 256x256 textures/items-atlas
[01:40:22] [Sound Library Loader/INFO]: Sound engine started
[01:40:22] [Sound Library Loader/INFO]: Sound engine started
[01:48:31] [Client thread/INFO]: Stopping!
evName
[01:48:15] [Client thread/INFO]: LWJGL Version: 2.9.1
[01:48:25] [Client thread/INFO]: Reloading ResourceManager: Default, FMLFileResourcePack:Forge Mod Loader, FMLFileResourcePack:Minecraft Forge
[01:48:29] [Client thread/INFO]: Created: 512x256 textures/blocks-atlas
[01:48:29] [Client thread/INFO]: Created: 256x256 textures/items-atlas
[01:48:29] [Client thread/INFO]: Reloading ResourceManager: Default, FMLFileResourcePack:Forge Mod Loader, FMLFileResourcePack:Minecraft Forge
[01:48:30] [Client thread/INFO]: Created: 512x256 textures/blocks-atlas
[01:48:30] [Client thread/INFO]: Created: 256x256 textures/items-atlas
